[12-Nov-2025 16:47:12 Europe/Paris] PHP Fatal error:  Uncaught Error: Call to undefined function getAllCups() in /home/mhdlmsk/web_v3/hq/hq_html/html/cpsys/index.php:207
Stack trace:
#0 {main}
  thrown in /home/mhdlmsk/web_v3/hq/hq_html/html/cpsys/index.php on line 207
[12-Nov-2025 16:47:13 Europe/Paris] PHP Fatal error:  Uncaught Error: Call to undefined function getAllCups() in /home/mhdlmsk/web_v3/hq/hq_html/html/cpsys/index.php:221
Stack trace:
#0 {main}
  thrown in /home/mhdlmsk/web_v3/hq/hq_html/html/cpsys/index.php on line 221
[12-Nov-2025 16:47:14 Europe/Paris] PHP Fatal error:  Uncaught Error: Call to undefined function getAllCups() in /home/mhdlmsk/web_v3/hq/hq_html/html/cpsys/index.php:164
Stack trace:
#0 {main}
  thrown in /home/mhdlmsk/web_v3/hq/hq_html/html/cpsys/index.php on line 164
[12-Nov-2025 16:47:15 Europe/Paris] PHP Fatal error:  Uncaught Error: Call to undefined function getAllIceOptions() in /home/mhdlmsk/web_v3/hq/hq_html/html/cpsys/index.php:172
Stack trace:
#0 {main}
  thrown in /home/mhdlmsk/web_v3/hq/hq_html/html/cpsys/index.php on line 172
[12-Nov-2025 16:47:15 Europe/Paris] PHP Fatal error:  Uncaught Error: Call to undefined function getAllSweetnessOptions() in /home/mhdlmsk/web_v3/hq/hq_html/html/cpsys/index.php:180
Stack trace:
#0 {main}
  thrown in /home/mhdlmsk/web_v3/hq/hq_html/html/cpsys/index.php on line 180
[12-Nov-2025 16:47:16 Europe/Paris] PHP Fatal error:  Uncaught Error: Call to undefined function getAllStatuses() in /home/mhdlmsk/web_v3/hq/hq_html/html/cpsys/index.php:188
Stack trace:
#0 {main}
  thrown in /home/mhdlmsk/web_v3/hq/hq_html/html/cpsys/index.php on line 188
[12-Nov-2025 16:47:28 Europe/Paris] PHP Fatal error:  Uncaught Error: Call to undefined function getAllPosTags() in /home/mhdlmsk/web_v3/hq/hq_html/html/cpsys/index.php:243
Stack trace:
#0 {main}
  thrown in /home/mhdlmsk/web_v3/hq/hq_html/html/cpsys/index.php on line 243
[12-Nov-2025 16:47:29 Europe/Paris] PHP Fatal error:  Uncaught Error: Call to undefined function getAllPosTags() in /home/mhdlmsk/web_v3/hq/hq_html/html/cpsys/index.php:277
Stack trace:
#0 {main}
  thrown in /home/mhdlmsk/web_v3/hq/hq_html/html/cpsys/index.php on line 277
[12-Nov-2025 16:47:29 Europe/Paris] PHP Fatal error:  Uncaught Error: Call to undefined function getAllPosTags() in /home/mhdlmsk/web_v3/hq/hq_html/html/cpsys/index.php:287
Stack trace:
#0 {main}
  thrown in /home/mhdlmsk/web_v3/hq/hq_html/html/cpsys/index.php on line 287
[12-Nov-2025 16:47:40 Europe/Paris] PHP Fatal error:  Uncaught Error: Call to undefined function getSeasonsPassDashboardKpis() in /home/mhdlmsk/web_v3/hq/hq_html/html/cpsys/index.php:295
Stack trace:
#0 {main}
  thrown in /home/mhdlmsk/web_v3/hq/hq_html/html/cpsys/index.php on line 295
[12-Nov-2025 16:47:40 Europe/Paris] PHP Fatal error:  Uncaught Error: Call to undefined function getAllTopupOrders() in /home/mhdlmsk/web_v3/hq/hq_html/html/cpsys/index.php:303
Stack trace:
#0 {main}
  thrown in /home/mhdlmsk/web_v3/hq/hq_html/html/cpsys/index.php on line 303
[12-Nov-2025 16:47:40 Europe/Paris] PHP Fatal error:  Uncaught Error: Call to undefined function getAllRedemptionBatches() in /home/mhdlmsk/web_v3/hq/hq_html/html/cpsys/index.php:311
Stack trace:
#0 {main}
  thrown in /home/mhdlmsk/web_v3/hq/hq_html/html/cpsys/index.php on line 311
